<?xml version="1.0" encoding="UTF-8"?>
<!-- Generated by org.testng.reporters.JUnitReportReporter -->
<testsuite hostname="DESKTOP-6SL2SRS" failures="0" tests="1" name="com.crm.Unilever.Practice.Demo" time="0.018" errors="0" timestamp="2025-09-03T09:55:45 GMT-10:00" skipped="0">
  <testcase classname="com.crm.Unilever.Practice.Demo" name="create" time="0.018"/>
  <system-out/>
</testsuite> <!-- com.crm.Unilever.Practice.Demo -->
